<?xml version="1.0" encoding="UTF-8"?>
<!-- Generated by org.testng.reporters.JUnitReportReporter -->
<testsuite hostname="JunuPC" failures="0" tests="3" name="com.testscenarios.GitHub_Assignment" time="19.188" errors="0" timestamp="2021-12-22T10:10:01 CST" skipped="0">
  <testcase classname="com.testscenarios.GitHub_Assignment" name="tc_01_to_invoke_the_appliction" time="12.197"/>
  <system-out/>
  <testcase classname="com.testscenarios.GitHub_Assignment" name="tc_02_to_click_sign_up_button" time="0.717"/>
  <system-out/>
  <testcase classname="com.testscenarios.GitHub_Assignment" name="tc_03_to_click_submit_button" time="6.274"/>
  <system-out/>
</testsuite> <!-- com.testscenarios.GitHub_Assignment -->
