<?xml version="1.0" encoding="UTF-8"?>
<!-- Generated by org.testng.reporters.JUnitReportReporter -->
<testsuite hostname="Josephs-MBP" failures="0" tests="3" name="com.testscenarios.TS_001_Move_To_Element" time="6.981" errors="0" timestamp="2022-01-03T16:15:24 EST" skipped="0">
  <testcase classname="com.testscenarios.TS_001_Move_To_Element" name="tc_001_Invoke_Flipkart_Application" time="5.589"/>
  <system-out/>
  <testcase classname="com.testscenarios.TS_001_Move_To_Element" name="tc_002_Close_Popup_Window_X" time="0.638"/>
  <system-out/>
  <testcase classname="com.testscenarios.TS_001_Move_To_Element" name="tc_003_Move_Mouse_To_Electornics_Menu" time="0.754"/>
  <system-out/>
</testsuite> <!-- com.testscenarios.TS_001_Move_To_Element -->
