<?xml version="1.0" encoding="UTF-8"?>
<!-- Generated by org.testng.reporters.JUnitReportReporter -->
<testsuite skipped="0" hostname="Josephs-MBP" name="com.testscenarios.TS_001_Book_Flight_In_BlazeDemo" tests="19" failures="0" timestamp="2022-01-03T17:59:55 EST" time="8.902" errors="0">
  <testcase name="tc_001_Invoke_BlazeDemo_application" time="0.421" classname="com.testscenarios.TS_001_Book_Flight_In_BlazeDemo"/>
  <system-out/>
  <testcase name="tc_006_Type_Name_Input" time="0.185" classname="com.testscenarios.TS_001_Book_Flight_In_BlazeDemo"/>
  <system-out/>
  <testcase name="tc_015_Type_Card_Year_Input" time="0.140" classname="com.testscenarios.TS_001_Book_Flight_In_BlazeDemo"/>
  <system-out/>
  <testcase name="tc_018_Get_Message_Thank_You_Print_To_Console_H1" time="0.037" classname="com.testscenarios.TS_001_Book_Flight_In_BlazeDemo"/>
  <system-out/>
  <testcase name="tc_002_Choose_Your_Departure_Randomly_City" time="0.072" classname="com.testscenarios.TS_001_Book_Flight_In_BlazeDemo"/>
  <system-out/>
  <testcase name="tc_009_Type_City_Input" time="0.100" classname="com.testscenarios.TS_001_Book_Flight_In_BlazeDemo"/>
  <system-out/>
  <testcase name="tc_003_Choose_Your_Destination_Randomly_City" time="2.107" classname="com.testscenarios.TS_001_Book_Flight_In_BlazeDemo"/>
  <system-out/>
  <testcase name="tc_007_Type_Name_Input" time="0.129" classname="com.testscenarios.TS_001_Book_Flight_In_BlazeDemo"/>
  <system-out/>
  <testcase name="tc_008_Type_Address_Input" time="0.102" classname="com.testscenarios.TS_001_Book_Flight_In_BlazeDemo"/>
  <system-out/>
  <testcase name="tc_005_Click_Random_One_Of_Choose_Flights_Button" time="0.253" classname="com.testscenarios.TS_001_Book_Flight_In_BlazeDemo"/>
  <system-out/>
  <testcase name="tc_004_Click_Find_Flights_Button" time="2.282" classname="com.testscenarios.TS_001_Book_Flight_In_BlazeDemo"/>
  <system-out/>
  <testcase name="tc_011_Type_Zipcode_Input" time="0.098" classname="com.testscenarios.TS_001_Book_Flight_In_BlazeDemo"/>
  <system-out/>
  <testcase name="tc_012_Select_Card_Type_Randomly_Select" time="0.058" classname="com.testscenarios.TS_001_Book_Flight_In_BlazeDemo"/>
  <system-out/>
  <testcase name="tc_014_Type_Card_Month_Input" time="0.139" classname="com.testscenarios.TS_001_Book_Flight_In_BlazeDemo"/>
  <system-out/>
  <testcase name="tc_016_Type_Card_Holder_Name_Input" time="2.091" classname="com.testscenarios.TS_001_Book_Flight_In_BlazeDemo"/>
  <system-out/>
  <testcase name="tc_019_Get_Input_From_Table_Print_To_Console_Td" time="0.173" classname="com.testscenarios.TS_001_Book_Flight_In_BlazeDemo"/>
  <system-out/>
  <testcase name="tc_010_Type_State_Input" time="0.091" classname="com.testscenarios.TS_001_Book_Flight_In_BlazeDemo"/>
  <system-out/>
  <testcase name="tc_017_Click_Purchase_Flight_Button" time="0.327" classname="com.testscenarios.TS_001_Book_Flight_In_BlazeDemo"/>
  <system-out/>
  <testcase name="tc_013_Type_Card_Number_Input" time="0.097" classname="com.testscenarios.TS_001_Book_Flight_In_BlazeDemo"/>
  <system-out/>
</testsuite> <!-- com.testscenarios.TS_001_Book_Flight_In_BlazeDemo -->
