<?xml version="1.0" encoding="UTF-8"?>
<!-- Generated by org.testng.reporters.JUnitReportReporter -->
<testsuite hostname="Josephs-MBP" failures="0" tests="1" name="com.testscenarios.PopupHandle" time="10.207" errors="0" timestamp="2022-01-03T16:15:24 EST" skipped="0">
  <testcase classname="com.testscenarios.PopupHandle" name="f" time="10.207"/>
  <system-out/>
</testsuite> <!-- com.testscenarios.PopupHandle -->
