<?xml version="1.0" encoding="UTF-8"?>
<!-- Generated by org.testng.reporters.JUnitReportReporter -->
<testsuite hostname="Josephs-MBP" failures="0" tests="2" name="com.testscenarios.TS_001_Change_Input_To_Capital_Letter" time="5.291" errors="0" timestamp="2022-01-03T16:15:24 EST" skipped="0">
  <testcase classname="com.testscenarios.TS_001_Change_Input_To_Capital_Letter" name="tc_002_Change_Input_To_Capital_In_Email" time="0.904"/>
  <system-out/>
  <testcase classname="com.testscenarios.TS_001_Change_Input_To_Capital_Letter" name="tc_001_launch_Tirupatibalaji_Application" time="4.387"/>
  <system-out/>
</testsuite> <!-- com.testscenarios.TS_001_Change_Input_To_Capital_Letter -->
