<?xml version="1.0" encoding="UTF-8"?>
<!-- Generated by org.testng.reporters.JUnitReportReporter -->
<testsuite skipped="0" hostname="Josephs-MBP" name="com.testscenarios.TS_001_Toyota_Assignment_12_3" tests="4" failures="0" timestamp="2022-01-03T17:59:55 EST" time="8.556" errors="0">
  <testcase name="tc_001_Launch_Toyota_Application" time="4.555" classname="com.testscenarios.TS_001_Toyota_Assignment_12_3"/>
  <system-out/>
  <testcase name="tc_004_Navigate_To_Tab_And_Select_A_Random_Car_Input" time="1.940" classname="com.testscenarios.TS_001_Toyota_Assignment_12_3"/>
  <system-out/>
  <testcase name="tc_002_Click_Yes_I_Agree_Button" time="1.812" classname="com.testscenarios.TS_001_Toyota_Assignment_12_3"/>
  <system-out/>
  <testcase name="tc_003_Click_ToyotaPage_Icon_Quick_Finance_Calculator_Link" time="0.249" classname="com.testscenarios.TS_001_Toyota_Assignment_12_3"/>
  <system-out/>
</testsuite> <!-- com.testscenarios.TS_001_Toyota_Assignment_12_3 -->
