<?xml version="1.0" encoding="UTF-8"?>
<!-- Generated by org.testng.reporters.JUnitReportReporter -->
<testsuite hostname="Josephs-MBP" failures="0" tests="1" name="com.testscenarios.ClassTemplate" time="0.000" errors="0" timestamp="2022-01-03T16:15:24 EST" skipped="0">
  <testcase classname="com.testscenarios.ClassTemplate" name="f" time="0.000"/>
  <system-out/>
</testsuite> <!-- com.testscenarios.ClassTemplate -->
