<?xml version="1.0" encoding="UTF-8"?>
<!-- Generated by org.testng.reporters.JUnitReportReporter -->
<testsuite hostname="Josephs-MBP" failures="0" tests="2" name="com.testscenarios.TS_001_Right_Click_Assignment" time="0.915" errors="0" timestamp="2022-01-03T16:15:24 EST" skipped="0">
  <testcase classname="com.testscenarios.TS_001_Right_Click_Assignment" name="tc_001_Invoke_Demo_Guru99_Application" time="0.680"/>
  <system-out/>
  <testcase classname="com.testscenarios.TS_001_Right_Click_Assignment" name="tc_002_Right_Click_On_Right_Click_Button" time="0.235"/>
  <system-out/>
</testsuite> <!-- com.testscenarios.TS_001_Right_Click_Assignment -->
