<?xml version="1.0" encoding="UTF-8"?>
<!-- Generated by org.testng.reporters.JUnitReportReporter -->
<testsuite hostname="Josephs-MBP" failures="0" tests="1" name="com.testscenarios.ShahedClassScenario" time="12.475" errors="0" timestamp="2022-01-03T16:15:24 EST" skipped="0">
  <testcase classname="com.testscenarios.ShahedClassScenario" name="launch" time="12.475"/>
  <system-out/>
</testsuite> <!-- com.testscenarios.ShahedClassScenario -->
