<?xml version="1.0" encoding="UTF-8"?>
<!-- Generated by org.testng.reporters.JUnitReportReporter -->
<testsuite hostname="Josephs-MBP" failures="0" tests="7" name="com.testscenarios.TS_001_Place_Order_Take_Screenshot" time="12.280" errors="0" timestamp="2022-01-03T16:15:24 EST" skipped="0">
  <testcase classname="com.testscenarios.TS_001_Place_Order_Take_Screenshot" name="tc_007_click_On_Cart" time="0.145"/>
  <system-out/>
  <testcase classname="com.testscenarios.TS_001_Place_Order_Take_Screenshot" name="tc_002_Click_On_Close_Icon_flipkart_application" time="0.109"/>
  <system-out/>
  <testcase classname="com.testscenarios.TS_001_Place_Order_Take_Screenshot" name="tc_005_goTo_Snacks_Beverages_Menu_Click_Biscuits" time="1.698"/>
  <system-out/>
  <testcase classname="com.testscenarios.TS_001_Place_Order_Take_Screenshot" name="tc_001_Invoke_flipkart_application" time="5.073"/>
  <system-out/>
  <testcase classname="com.testscenarios.TS_001_Place_Order_Take_Screenshot" name="tc_004_type_Pincode_Click_Enter" time="3.457"/>
  <system-out/>
  <testcase classname="com.testscenarios.TS_001_Place_Order_Take_Screenshot" name="tc_006_add_Items_Place_Order" time="1.709"/>
  <system-out/>
  <testcase classname="com.testscenarios.TS_001_Place_Order_Take_Screenshot" name="tc_003_goTo_Grocery_Menu" time="0.089"/>
  <system-out/>
</testsuite> <!-- com.testscenarios.TS_001_Place_Order_Take_Screenshot -->
