<?xml version="1.0" encoding="UTF-8"?>
<!-- Generated by org.testng.reporters.JUnitReportReporter -->
<testsuite hostname="Josephs-MBP" failures="0" tests="5" name="com.testscenarios.TS_001_Demoqa_Popup_Assignment_12_2" time="16.215" errors="0" timestamp="2022-01-03T16:15:24 EST" skipped="0">
  <testcase classname="com.testscenarios.TS_001_Demoqa_Popup_Assignment_12_2" name="tc_005_Click_New_Tab_And_Close_Tab_Button" time="0.263"/>
  <system-out/>
  <testcase classname="com.testscenarios.TS_001_Demoqa_Popup_Assignment_12_2" name="tc_001_Invoke_Demoqa_Application" time="2.827"/>
  <system-out/>
  <testcase classname="com.testscenarios.TS_001_Demoqa_Popup_Assignment_12_2" name="tc_004_Click_New_Message_Window_Get_Message_Button" time="6.531"/>
  <system-out/>
  <testcase classname="com.testscenarios.TS_001_Demoqa_Popup_Assignment_12_2" name="tc_002_Click_New_Window_Button" time="0.359"/>
  <system-out/>
  <testcase classname="com.testscenarios.TS_001_Demoqa_Popup_Assignment_12_2" name="tc_003_Get_Message_Window_Popup" time="6.235"/>
  <system-out/>
</testsuite> <!-- com.testscenarios.TS_001_Demoqa_Popup_Assignment_12_2 -->
