<?xml version="1.0" encoding="UTF-8"?>
<!-- Generated by org.testng.reporters.JUnitReportReporter -->
<testsuite skipped="0" hostname="Josephs-MBP" name="com.testscenarios.TS_001_Drag_And_Drop_Assignment_12_4" tests="5" failures="0" timestamp="2022-01-03T17:59:55 EST" time="3.858" errors="0">
  <testcase name="tc_003_Drag_And_Drop_50000_To_Account_Debit_Side_Link" time="0.715" classname="com.testscenarios.TS_001_Drag_And_Drop_Assignment_12_4"/>
  <system-out/>
  <testcase name="tc_005_Drag_And_Drop_5000_To_Account_Credit_Side_Link" time="0.620" classname="com.testscenarios.TS_001_Drag_And_Drop_Assignment_12_4"/>
  <system-out/>
  <testcase name="tc_002_Drag_And_Drop_Bank_To_Account_Debit_Side_Link" time="0.640" classname="com.testscenarios.TS_001_Drag_And_Drop_Assignment_12_4"/>
  <system-out/>
  <testcase name="tc_004_Drag_And_Drop_Sales_To_Account_Credit_Side_Link" time="0.593" classname="com.testscenarios.TS_001_Drag_And_Drop_Assignment_12_4"/>
  <system-out/>
  <testcase name="tc_001_Launch_Drag_And_Drop_Application" time="1.290" classname="com.testscenarios.TS_001_Drag_And_Drop_Assignment_12_4"/>
  <system-out/>
</testsuite> <!-- com.testscenarios.TS_001_Drag_And_Drop_Assignment_12_4 -->
